[19-07-10 04:39:19:845 PDT] dateArr:20190615,20190515,20190415,20190315,20190215,20190115,20181215,20181115,20181015,20180915,20180815,20180715,20180615,20180515,20180415,20180315,20180215,20180115,20171215,20171115,20171015,20170915,20170815,20170715
[19-07-10 04:39:19:846 PDT] allTrafficArr:
91898,104070,111018,95160,58607,58551,59487,58734,65212,63785,63687,56710,57792,58157,63395,66277,52077,60559,57303,57575,58584,65422,73472,78590

,9772
,7168
,7197
,7193
,7965
,7776
,9853
,8536
,9426
,9249
,8856
,8262
,8426
,8863
,8839
,9177
,9992
,10064
,10200
,10593
,10723
,9181
,9476
,9084
,23270
,18269
,18650
,14747
,11611
,10683
,9772
,9225
,8148
,6367
,6674
,6161
,5819
,5791
,6090
,6096
,6424
,6366
,6721
,7080
,7571
,8097
,7848
,7058
,96934
,89267
,85691
,88860
,102014
,103230
,105592
,101535
,102980
,100172
,93600
,70430
,68373
,67235
,72139
,70219
,64858
,70639
,64569
,63003
,59477
,59684
,58118
,55775
,3753
,2256
,2021
,2072
,2300
,2021
,2262
,2338
,2046
,2228
,2864
,2739
,2308
,1719
,1583
,1628
,1533
,1130
,1642
,1641
,1660
,1661
,1765
,1064
,34230
,16544
,17548
,18571
,14355
,14049
,14471
,15481
,14518
,15163
,15506
,16668
,18937
,19018
,23779
,21674
,19483
,19886
,18980
,19749
,20693
,20842
,18289
,17472
,345
,578
,724
,521
,479
,397
,596
,590
,484
,564
,585
,386
,630
,448
,420
,421
,324
,355
,854
,763
,765
,703
,732
,705
,2164
,1321
,1615
,1734
,2024
,2019
,2111
,2208
,2251
,2181
,2254
,2718
,2842
,3128
,2815
,3023
,3206
,2736
,2516
,2375
,2251
,2065
,2242
,1937
,16161
,13047
,12395
,13487
,14171
,13448
,12971
,14140
,15806
,15398
,16093
,10398
,10243
,10211
,10656
,11039
,12764
,13182
,24898
,24546
,24569
,24121
,23683
,23885
,22366
,20107
,20203
,20306
,22227
,21468
,20726
,20464
,20978
,17347
,16263
,15716
,15813
,18104
,19771
,19601
,20935
,18763
,14901
,16665
,16399
,15569
,16749
,16292
,1013
,1283
,1178
,1038
,792
,816
,784
,803
,787
,804
,837
,903
,994
,994
,1028
,1030
,970
,940
,1044
,990
,1073
,1131
,1138
,1081
,141
,92
,94
,93
,14
,2
,2
,1
,4
,12
,32
,1
,2
,2
,6
,6
,6
,43
,55
,54
,13
,7
,42
,11
,7
,3
,0
,3
,0
,0
,0
,0
,0
,0
,0
,3
,1
,1
,0
,1
,1
,1
,2
,0
,0
,0
,1
,4
,66
,15
,18
,19
,19
,25
,25
,12
,18
,16
,19
,22
,22
,22
,21
,11
,2
,15
,1
,1
,1
,1
,1
,6
,2
,0
,0
,0
,0
,0
,0
,0
,0
,0
,0
,0
,0
,0
,0
,0
,1
,0
,0
,0
,0
,0
,0
,0
,55
,96
,312
,309
,305
,314
,101
,300
,78
,317
,305
,69
,306
,305
,308
,309
,303
,311
,105
,117
,80
,52
,22
,21
,6
,22
,11
,11
,34
,35
,41
,48
,37
,44
,46
,13
,24
,26
,28
,22
,35
,25
,13
,24
,30
,32
,17
,10
,37
,27
,16
,24
,42
,33
,29
,39
,39
,31
,18
,9
,80
,80
,98
,95
,91
,44
,69
,66
,41
,38
,42
,2
,13413
,12554
,12381
,11992
,12498
,12150
,12708
,12399
,13190
,13907
,14406
,12300
,12201
,12393
,12875
,13215
,13216
,12731
,10270
,10549
,9954
,10128
,9882
,9844
,114
,104
,88
,87
,98
,98
,148
,139
,141
,136
,136
,173
,170
,151
,151
,173
,146
,57
,9
,19
,32
,28
,27
,24
,30
,1
,3
,1
,1
,1
,1
,44
,1
,4
,11
,106
,5
,1
,3
,3
,1
,1
,23
,7
,2
,2
,2
,27
,1280
,1268
,1266
,1375
,1272
,1372
,1509
,1391
,1449
,1385
,1340
,1538
,1316
,1316
,1321
,1327
,1400
,1405
,1154
,1297
,1329
,1350
,1330
,1330
,13
,13
,48
,20
,9
,15
,14
,9
,11
,68
,10
,47
,85
,15
,57
,58
,53
,185
,142
,166
,158
,98
,85
,84
,10
,1
,4
,9
,5
,14
,16
,11
,40
,21
,14
,15
,31
,26
,22
,30
,30
,13
,7
,7
,8
,8
,15
,11
,61
,0
,0
,1
,2
,0
,0
,2
,2
,4
,1
,7
,4
,4
,6
,3
,3
,0
,9
,10
,11
,4
,2
,4
,1400
,1230
,1216
,1284
,1241
,1308
,1321
,1217
,1302
,1363
,1397
,1424
,1394
,1339
,1344
,1355
,1365
,1404
,1609
,1617
,1494
,1502
,1508
,1513
,2112
,2337
,2539
,2324
,2341
,2298
,2345
,2435
,2389
,2502
,2357
,2647
,2440
,2329
,2304
,2229
,2184
,2011
,541
,552
,503
,563
,634
,705
,104
,68
,49
,50
,51
,59
,60
,106
,41
,53
,91
,66
,83
,79
,116
,113
,48
,132
,61
,81
,54
,64
,63
,55
,82
,11
,9
,14
,109
,53
,100
,14
,39
,98
,102
,5
,20
,21
,19
,22
,23
,16
,7
,11
,4
,7
,6
,6
,12
,5
,3
,2
,5
,9
,7
,8
,9
,10
,11
,15
,12
,12
,13
,11
,12
,1
,10
,9
,12
,15
,11
,8
,2735
,1429
,1260
,1496
,1729
,1411
,1588
,2781
,1418
,1435
,1280
,1669
,1222
,913
,962
,832
,689
,441
,179
,192
,329
,296
,355
,471
,1552
,1530
,1174
,1321
,1206
,1128
,1504
,1396
,1538
,1256
,1179
,1124
,1051
,1025
,1140
,1064
,1247
,1417
,2002
,1982
,1938
,2103
,2109
,1211
,2
,2
,4
,8
,5
,5
,17
,27
,8
,9
,17
,9
,6
,36
,88
,99
,62
,118
,137
,33
,46
,3
,13
,3
,60
,2
,0
,0
,1
,3
,0
,1
,0
,0
,2
,3
,130
,50
,40
,40
,50
,6
,13
,65
,32
,55
,43
,16
,0
,0
,0
,0
,0
,0
,0
,0
,10897
,7820
,8114
,8773
,13071
,13478
,9748
,13361
,11781
,9406
,9310
,8556
,8537
,8679
,8466
,8445
,8072
,7463
,8906
,8338
,8404
,7972
,8536
,9228
,114
,185
,184
,185
,184
,185
,184
,184
,184
,184
,184
,187
,186
,185
,186
,186
,185
,112
,113
,113
,112
,112
,112
,96
,16161
,13047
,12395
,13487
,14171
,13448
,12971
,14140
,15806
,15398
,16093
,10398
,10243
,10211
,10656
,11039
,12764
,13182
,24898
,24546
,24569
,24121
,23683
,23885
,38
,67
,54
,54
,53
,54
,59
,42
,63
,66
,64
,61
,64
,62
,61
,61
,76
,2
,4
,0
,3
,5
,3
,0
,955
,1025
,1363
,1014
,985
,906
,1001
,866
,871
,950
,1029
,1378
,1372
,1334
,1253
,1249
,957
,1428
,963
,1052
,1101
,1121
,1286
,1203
,0
,0
,0
,0
,0
,0
,0
,0
,1
,1
,1
,0
,0
,0
,0
,0
,0
,0
,0
,0
,0
,0
,0
,0
,6
,7
,3
,3
,5
,14
,3
,6
,52
,38
,28
,77
,27
,28
,32
,27
,42
,26
,47
,55
,39
,40
,25
,30
,4185
,3493
,3087
,2754
,2525
,2784
,3048
,2879
,3263
,3564
,4302
,2697
,2643
,2559
,2955
,2798
,2741
,3157
,3099
,3388
,3083
,3127
,2507
,2009
,8
,24
,19
,2
,0
,0
,0
,0
,0
,0
,0
,0
,963
,829
,755
,790
,763
,761
,764
,760
,780
,767
,784
,831
,823
,828
,901
,894
,960
,1160
,1188
,941
,1368
,1359
,1194
,1228
,10889
,9100
,8804
,9038
,9624
,9382
,9575
,8884
,9469
,9146
,9318
,8441
,9217
,8404
,8817
,8332
,8360
,7803
,6306
,5802
,6356
,6368
,6253
,6035
,15
,12
,16
,16
,38
,36
,38
,38
,35
,36
,36
,50
,46
,45
,43
,46
,48
,13
,37
,26
,25
,25
,40
,35
,17990
,17274
,18895
,18845
,17846
,18603
,17039
,18624
,21660
,23722
,22470
,19646
,19446
,19540
,19430
,18060
,19454
,23233
,22442
,20514
,21463
,21270
,21584
,20018
,9104
,4077
,3989
,4540
,3276
,2997
,2991
,2440
,2435
,1707
,1272
,994
,629
,606
,630
,568
,450
,359
,297
,362
,293
,257
,217
,220
,4641
,4696
,5302
,5225
,5087
,5006
,4581
,4961
,5157
,4876
,5171
,4831
,4981
,5014
,5409
,4779
,4537
,4503
,4779
,4276
,4341
,4280
,4668
,4275
,174
,163
,130
,492
,156
,156
,154
,147
,137
,176
,140
,150
,160
,163
,162
,159
,145
,134
,516
,540
,515
,500
,510
,510
,1578
,1181
,1104
,1152
,969
,1081
,1147
,1238
,1029
,1243
,1165
,1302
,1339
,1174
,1194
,1096
,1063
,1054
,1615
,1585
,1588
,1657
,1711
,1615
,427
,363
,333
,334
,260
,461
,546
,507
,549
,489
,605
,584
,515
,506
,520
,611
,471
,603
,1252
,1092
,1112
,1158
,1056
,1205
,4494
,2551
,3255
,2886
,1727
,1844
,1850
,1777
,1923
,1986
,1694
,1882
,1567
,1595
,1535
,1534
,1459
,1483
,2597
,2508
,1876
,2536
,2403
,2086
,4152
,4182
,4137
,4319
,5317
,5558
,5360
,5091
,5158
,6364
,6599
,6509
,5852
,5529
,5454
,5270
,4984
,5147
,4919
,4604
,4499
,4120
,4451
,4731
,7350
,5425
,4764
,5198
,4702
,4446
,4654
,4306
,4419
,4902
,5048
,5176
,4177
,4126
,3875
,4006
,4532
,4014
,4154
,3873
,3982
,4191
,4051
,3964
,4684
,4255
,4332
,4525
,4282
,4163
,4976
,4541
,4722
,4885
,4977
,4676
,4509
,4686
,4842
,4784
,5894
,5284
,5198
,5423
,5093
,5073
,5046
,4857
,1015
,693
,725
,787
,588
,591
,575
,2405
,611
,710
,684
,886
,761
,754
,837
,701
,654
,766
,636
,595
,552
,577
,622
,659
,491
,418
,499
,625
,740
,543
,351
,275
,512
,487
,404
,632
,631
,619
,647
,552
,554
,559
,526
,578
,707
,345
,596
,341
,0
,42
,42
,43
,44
,44
,44
,44
,42
,43
,43
,6
,4
,4
,4
,5
,5
,0
,0
,0
,1
,1
,1
,1
